[    1976ms] [WARNING] GSAP target [object NodeList] not found. https://gsap.com @ https://web-static3.lovart.ai/lovart_prd/static/_next/static/chunks/0a0rrfl7pwn2w.js:0
[    1977ms] [WARNING] GSAP target null not found. https://gsap.com @ https://web-static3.lovart.ai/lovart_prd/static/_next/static/chunks/0a0rrfl7pwn2w.js:0
[    1977ms] [WARNING] GSAP target  not found. https://gsap.com @ https://web-static3.lovart.ai/lovart_prd/static/_next/static/chunks/0a0rrfl7pwn2w.js:0
[    2022ms] [WARNING] GSAP target [object NodeList] not found. https://gsap.com @ https://web-static3.lovart.ai/lovart_prd/static/_next/static/chunks/0a0rrfl7pwn2w.js:0
[    2022ms] [WARNING] GSAP target null not found. https://gsap.com @ https://web-static3.lovart.ai/lovart_prd/static/_next/static/chunks/0a0rrfl7pwn2w.js:0
[    2022ms] [WARNING] GSAP target  not found. https://gsap.com @ https://web-static3.lovart.ai/lovart_prd/static/_next/static/chunks/0a0rrfl7pwn2w.js:0
[    2024ms] [WARNING] GSAP target [object NodeList] not found. https://gsap.com @ https://web-static3.lovart.ai/lovart_prd/static/_next/static/chunks/0a0rrfl7pwn2w.js:0
[    2025ms] [WARNING] GSAP target  not found. https://gsap.com @ https://web-static3.lovart.ai/lovart_prd/static/_next/static/chunks/0a0rrfl7pwn2w.js:0
[    3860ms] [WARNING] [GSI_LOGGER]: Your client application uses one of the Google One Tap prompt UI status methods that may stop functioning when FedCM becomes mandatory. Refer to the migration guide to update your code accordingly and opt-in to FedCM to test your changes. Learn more: https://developers.google.com/identity/gsi/web/guides/fedcm-migration?s=dc#display_moment and https://developers.google.com/identity/gsi/web/guides/fedcm-migration?s=dc#skipped_moment @ https://accounts.google.com/gsi/client:80
[    3912ms] [ERROR] Not signed in with the identity provider. @ https://www.lovart.ai/:0
[    6881ms] [ERROR] [GSI_LOGGER]: FedCM get() rejects with AbortError: signal is aborted without reason @ https://accounts.google.com/gsi/client:81
[   37705ms] [ERROR] Failed to load resource: the server responded with a status of 401 () @ https://challenges.cloudflare.com/cdn-cgi/challenge-platform/h/g/pat/9e37be964ccae2ea/1774712543995/8eaa4454f47c15fc8cd01bf2f92da3b1249382ed9a89e9072a43c4867afec454/nnFFIy0-mtXzinS:0
[   37811ms] [ERROR]  Note that 'script-src' was not explicitly set, so 'default-src' is used as a fallback. @ https://challenges.cloudflare.com/cdn-cgi/challenge-platform/h/g/turnstile/f/ov2/av0/rch/oo5c7/0x4AAAAAABg9KkPJzGO0csnB/light/fbE/new/flexible?lang=auto:0
[   37939ms] [ERROR] %c%d font-size:0;color:transparent NaN @ https://challenges.cloudflare.com/cdn-cgi/challenge-platform/h/g/turnstile/f/ov2/av0/rch/oo5c7/0x4AAAAAABg9KkPJzGO0csnB/light/fbE/new/flexible?lang=auto:0
[   37939ms] [ERROR] %c%d font-size:0;color:transparent NaN @ https://challenges.cloudflare.com/cdn-cgi/challenge-platform/h/g/turnstile/f/ov2/av0/rch/oo5c7/0x4AAAAAABg9KkPJzGO0csnB/light/fbE/new/flexible?lang=auto:0
[   37939ms] [WARNING] %c%d font-size:0;color:transparent NaN @ https://challenges.cloudflare.com/cdn-cgi/challenge-platform/h/g/turnstile/f/ov2/av0/rch/oo5c7/0x4AAAAAABg9KkPJzGO0csnB/light/fbE/new/flexible?lang=auto:0
[   37939ms] [WARNING] %c%d font-size:0;color:transparent NaN @ https://challenges.cloudflare.com/cdn-cgi/challenge-platform/h/g/turnstile/f/ov2/av0/rch/oo5c7/0x4AAAAAABg9KkPJzGO0csnB/light/fbE/new/flexible?lang=auto:0
[   41239ms] [WARNING] The resource https://challenges.cloudflare.com/cdn-cgi/challenge-platform/h/g/cmg/1 was preloaded using link preload but not used within a few seconds from the window's load event. Please make sure it has an appropriate `as` value and it is preloaded intentionally. @ https://challenges.cloudflare.com/cdn-cgi/challenge-platform/h/g/turnstile/f/ov2/av0/rch/oo5c7/0x4AAAAAABg9KkPJzGO0csnB/light/fbE/new/flexible?lang=auto:0
[   70843ms] [WARNING] GSAP target [object NodeList] not found. https://gsap.com @ https://web-static3.lovart.ai/lovart_prd/static/_next/static/chunks/0a0rrfl7pwn2w.js:0
[   70844ms] [WARNING] GSAP target null not found. https://gsap.com @ https://web-static3.lovart.ai/lovart_prd/static/_next/static/chunks/0a0rrfl7pwn2w.js:0
[   70844ms] [WARNING] GSAP target  not found. https://gsap.com @ https://web-static3.lovart.ai/lovart_prd/static/_next/static/chunks/0a0rrfl7pwn2w.js:0
[   70886ms] [WARNING] GSAP target [object NodeList] not found. https://gsap.com @ https://web-static3.lovart.ai/lovart_prd/static/_next/static/chunks/0a0rrfl7pwn2w.js:0
[   70887ms] [WARNING] GSAP target null not found. https://gsap.com @ https://web-static3.lovart.ai/lovart_prd/static/_next/static/chunks/0a0rrfl7pwn2w.js:0
[   70887ms] [WARNING] GSAP target  not found. https://gsap.com @ https://web-static3.lovart.ai/lovart_prd/static/_next/static/chunks/0a0rrfl7pwn2w.js:0
[   70889ms] [WARNING] GSAP target [object NodeList] not found. https://gsap.com @ https://web-static3.lovart.ai/lovart_prd/static/_next/static/chunks/0a0rrfl7pwn2w.js:0
[   70889ms] [WARNING] GSAP target  not found. https://gsap.com @ https://web-static3.lovart.ai/lovart_prd/static/_next/static/chunks/0a0rrfl7pwn2w.js:0
[   71155ms] [WARNING] [GSI_LOGGER]: Your client application uses one of the Google One Tap prompt UI status methods that may stop functioning when FedCM becomes mandatory. Refer to the migration guide to update your code accordingly and opt-in to FedCM to test your changes. Learn more: https://developers.google.com/identity/gsi/web/guides/fedcm-migration?s=dc#display_moment and https://developers.google.com/identity/gsi/web/guides/fedcm-migration?s=dc#skipped_moment @ https://accounts.google.com/gsi/client:80
[   78525ms] [ERROR] Attestation check for Attribution Reporting on https://www.facebook.com failed. @ https://www.lovart.ai/home?ls=1:0
[   78528ms] [ERROR] Attestation check for Attribution Reporting on https://www.facebook.com failed. @ https://www.lovart.ai/home?ls=1:0
